Arguments: 
  /usr/local/Cellar/node@8/8.9.4/bin/node /Users/jmurret/.yarn/bin/yarn.js add jest --dev

PATH: 
  /Users/jmurret/.yarn/bin:/Users/jmurret/.config/yarn/global/node_modules/.bin:~//Library/Frameworks/Python.framework/Versions/3.6/bin:/usr/local/bin:/usr/bin:/bin:/usr/sbin:/sbin:/usr/local/share/dotnet:~/.dotnet/tools:/Library/Frameworks/Mono.framework/Versions/Current/Commands:/Applications/Wireshark.app/Contents/MacOS:/Applications/Xamarin Workbooks.app/Contents/SharedSupport/path-bin

Yarn version: 
  1.15.2

Node version: 
  11.2.0

Platform: 
  darwin x64

Trace: 
  Error: http://10.1.1.248:8081/nexus/content/groups/npm-xactly/jest: ETIMEDOUT
      at Timeout._onTimeout (/Users/jmurret/.yarn/lib/cli.js:130201:19)
      at listOnTimeout (timers.js:324:15)
      at processTimers (timers.js:268:5)

npm manifest: 
  {
    "name": "hey-yall",
    "version": "1.0.0",
    "description": "Basic event emitter",
    "main": "index.js",
    "dependencies": {},
    "devDependencies": {},
    "scripts": {
      "test": "tes"
    },
    "repository": {
      "type": "git",
      "url": "git+https://github.com/jmurret/hey-yall.git"
    },
    "keywords": [
      "event",
      "emitter",
      "event-emitter"
    ],
    "author": "John Murret <jmurret@yahoo.com>",
    "license": "ISC",
    "bugs": {
      "url": "https://github.com/jmurret/hey-yall/issues"
    },
    "homepage": "https://github.com/jmurret/hey-yall#readme"
  }

yarn manifest: 
  No manifest

Lockfile: 
  # THIS IS AN AUTOGENERATED FILE. DO NOT EDIT THIS FILE DIRECTLY.
  # yarn lockfile v1
